<?xml version="1.0" encoding="UTF-8"?>
<robot generator="Robot 4.0.1 (Python 3.9.5 on win32)" generated="20210908 14:45:01.806" rpa="false" schemaversion="2">
<suite id="s1" name="HW Week 2" source="C:\Users\Tis Doppio\Archive\DRF-101\HW_Week_2\HW_Week_2.robot">
<test id="s1-t1" name="Valid Case">
<kw name="Open &quot;Jenkins&quot; Website" type="SETUP">
<kw name="Open Browser" library="SeleniumLibrary">
<arg>${URL}</arg>
<arg>${Browser}</arg>
<doc>Opens a new browser instance to the optional ``url``.</doc>
<msg timestamp="20210908 14:45:02.059" level="INFO">Opening browser 'chrome' to base url 'http://www.doppio-tech.com:8080/login'.</msg>
<status status="PASS" starttime="20210908 14:45:02.059" endtime="20210908 14:45:03.366"/>
</kw>
<kw name="Maximize Browser Window" library="SeleniumLibrary">
<doc>Maximizes current browser window.</doc>
<status status="PASS" starttime="20210908 14:45:03.367" endtime="20210908 14:45:03.504"/>
</kw>
<status status="PASS" starttime="20210908 14:45:02.058" endtime="20210908 14:45:03.504"/>
</kw>
<kw name="Login Scenarios">
<arg>dummy</arg>
<arg>dummy</arg>
<arg>xpath=//*[@id="main-panel"]/p</arg>
<arg>dummy is missing the Overall/Read permission</arg>
<kw name="Input Text" library="SeleniumLibrary">
<arg>xpath=//*[@id="j_username"]</arg>
<arg>${username}</arg>
<doc>Types the given ``text`` into the text field identified by ``locator``.</doc>
<msg timestamp="20210908 14:45:03.514" level="INFO">Typing text 'dummy' into text field 'xpath=//*[@id="j_username"]'.</msg>
<status status="PASS" starttime="20210908 14:45:03.513" endtime="20210908 14:45:03.618"/>
</kw>
<kw name="Input Text" library="SeleniumLibrary">
<arg>xpath=/html/body/div/div/form/div[2]/input</arg>
<arg>${password}</arg>
<doc>Types the given ``text`` into the text field identified by ``locator``.</doc>
<msg timestamp="20210908 14:45:03.619" level="INFO">Typing text 'dummy' into text field 'xpath=/html/body/div/div/form/div[2]/input'.</msg>
<status status="PASS" starttime="20210908 14:45:03.619" endtime="20210908 14:45:03.690"/>
</kw>
<kw name="Click Element" library="SeleniumLibrary">
<arg>xpath=/html/body/div/div/form/div[3]/input</arg>
<doc>Click the element identified by ``locator``.</doc>
<msg timestamp="20210908 14:45:03.690" level="INFO">Clicking element 'xpath=/html/body/div/div/form/div[3]/input'.</msg>
<status status="PASS" starttime="20210908 14:45:03.690" endtime="20210908 14:45:04.188"/>
</kw>
<kw name="Wait Until Page Contains Element" library="SeleniumLibrary">
<arg>${verify_msg_locator}</arg>
<doc>Waits until the element ``locator`` appears on the current page.</doc>
<status status="PASS" starttime="20210908 14:45:04.188" endtime="20210908 14:45:04.203"/>
</kw>
<kw name="Element Should Contain" library="SeleniumLibrary">
<arg>${verify_msg_locator}</arg>
<arg>${verify_msg}</arg>
<doc>Verifies that element ``locator`` contains text ``expected``.</doc>
<msg timestamp="20210908 14:45:04.219" level="INFO">Element 'xpath=//*[@id="main-panel"]/p' contains text 'dummy is missing the Overall/Read permission'.</msg>
<status status="PASS" starttime="20210908 14:45:04.203" endtime="20210908 14:45:04.219"/>
</kw>
<status status="PASS" starttime="20210908 14:45:03.512" endtime="20210908 14:45:04.219"/>
</kw>
<kw name="Close Browser" library="SeleniumLibrary" type="TEARDOWN">
<doc>Closes the current browser.</doc>
<status status="PASS" starttime="20210908 14:45:04.219" endtime="20210908 14:45:06.474"/>
</kw>
<status status="PASS" starttime="20210908 14:45:02.055" endtime="20210908 14:45:06.474"/>
</test>
<test id="s1-t2" name="Invalid Case">
<kw name="Open &quot;Jenkins&quot; Website" type="SETUP">
<kw name="Open Browser" library="SeleniumLibrary">
<arg>${URL}</arg>
<arg>${Browser}</arg>
<doc>Opens a new browser instance to the optional ``url``.</doc>
<msg timestamp="20210908 14:45:06.478" level="INFO">Opening browser 'chrome' to base url 'http://www.doppio-tech.com:8080/login'.</msg>
<status status="PASS" starttime="20210908 14:45:06.477" endtime="20210908 14:45:07.736"/>
</kw>
<kw name="Maximize Browser Window" library="SeleniumLibrary">
<doc>Maximizes current browser window.</doc>
<status status="PASS" starttime="20210908 14:45:07.736" endtime="20210908 14:45:07.879"/>
</kw>
<status status="PASS" starttime="20210908 14:45:06.477" endtime="20210908 14:45:07.880"/>
</kw>
<kw name="Login Scenarios">
<arg>1234</arg>
<arg>dummy</arg>
<arg>xpath=/html/body/div/div/form/div[1]</arg>
<arg>Invalid username or password</arg>
<kw name="Input Text" library="SeleniumLibrary">
<arg>xpath=//*[@id="j_username"]</arg>
<arg>${username}</arg>
<doc>Types the given ``text`` into the text field identified by ``locator``.</doc>
<msg timestamp="20210908 14:45:07.883" level="INFO">Typing text '1234' into text field 'xpath=//*[@id="j_username"]'.</msg>
<status status="PASS" starttime="20210908 14:45:07.883" endtime="20210908 14:45:07.975"/>
</kw>
<kw name="Input Text" library="SeleniumLibrary">
<arg>xpath=/html/body/div/div/form/div[2]/input</arg>
<arg>${password}</arg>
<doc>Types the given ``text`` into the text field identified by ``locator``.</doc>
<msg timestamp="20210908 14:45:07.975" level="INFO">Typing text 'dummy' into text field 'xpath=/html/body/div/div/form/div[2]/input'.</msg>
<status status="PASS" starttime="20210908 14:45:07.975" endtime="20210908 14:45:08.045"/>
</kw>
<kw name="Click Element" library="SeleniumLibrary">
<arg>xpath=/html/body/div/div/form/div[3]/input</arg>
<doc>Click the element identified by ``locator``.</doc>
<msg timestamp="20210908 14:45:08.045" level="INFO">Clicking element 'xpath=/html/body/div/div/form/div[3]/input'.</msg>
<status status="PASS" starttime="20210908 14:45:08.045" endtime="20210908 14:45:08.137"/>
</kw>
<kw name="Wait Until Page Contains Element" library="SeleniumLibrary">
<arg>${verify_msg_locator}</arg>
<doc>Waits until the element ``locator`` appears on the current page.</doc>
<status status="PASS" starttime="20210908 14:45:08.137" endtime="20210908 14:45:08.147"/>
</kw>
<kw name="Element Should Contain" library="SeleniumLibrary">
<arg>${verify_msg_locator}</arg>
<arg>${verify_msg}</arg>
<doc>Verifies that element ``locator`` contains text ``expected``.</doc>
<msg timestamp="20210908 14:45:08.167" level="INFO">Element 'xpath=/html/body/div/div/form/div[1]' contains text 'Invalid username or password'.</msg>
<status status="PASS" starttime="20210908 14:45:08.147" endtime="20210908 14:45:08.167"/>
</kw>
<status status="PASS" starttime="20210908 14:45:07.881" endtime="20210908 14:45:08.167"/>
</kw>
<kw name="Close Browser" library="SeleniumLibrary" type="TEARDOWN">
<doc>Closes the current browser.</doc>
<status status="PASS" starttime="20210908 14:45:08.168" endtime="20210908 14:45:10.431"/>
</kw>
<status status="PASS" starttime="20210908 14:45:06.476" endtime="20210908 14:45:10.432"/>
</test>
<status status="PASS" starttime="20210908 14:45:01.808" endtime="20210908 14:45:10.433"/>
</suite>
<statistics>
<total>
<stat pass="2" fail="0" skip="0">All Tests</stat>
</total>
<tag>
</tag>
<suite>
<stat pass="2" fail="0" skip="0" id="s1" name="HW Week 2">HW Week 2</stat>
</suite>
</statistics>
<errors>
</errors>
</robot>
